<?xml version="1.0" encoding="UTF-8"?>
<!-- Generated by org.testng.reporters.JUnitReportReporter -->
<testsuite skipped="0" hostname="Madhi" name="com.ecommerce.qa.testcases.LoginPageTest" tests="1" failures="0" timestamp="03 Nov 2021 12:41:59 GMT" time="11.748" errors="0">
  <testcase name="loginPageTitleTest" time="11.748" classname="com.ecommerce.qa.testcases.LoginPageTest"/>
</testsuite> <!-- com.ecommerce.qa.testcases.LoginPageTest -->
