<?xml version="1.0" encoding="UTF-8"?>
<!-- Generated by org.testng.reporters.JUnitReportReporter -->
<testsuite skipped="0" hostname="Madhi" name="com.ecommerce.qa.testcases.WomenCategoryPageTest" tests="3" failures="0" timestamp="2021-11-10T22:14:00 IST" time="127.496" errors="0">
  <testcase name="validateWomenCategoryPageTitleTest" time="19.009" classname="com.ecommerce.qa.testcases.WomenCategoryPageTest"/>
  <system-out/>
  <testcase name="validateImgTest" time="15.797" classname="com.ecommerce.qa.testcases.WomenCategoryPageTest"/>
  <system-out/>
  <testcase name="selectItemTest" time="92.690" classname="com.ecommerce.qa.testcases.WomenCategoryPageTest"/>
  <system-out/>
</testsuite> <!-- com.ecommerce.qa.testcases.WomenCategoryPageTest -->
