<?xml version="1.0" encoding="UTF-8"?>
<!-- Generated by org.testng.reporters.JUnitReportReporter -->
<testsuite skipped="0" hostname="Madhi" name="com.ecommerce.qa.testcases.LoginPageTest" tests="3" failures="0" timestamp="2021-11-10T22:14:00 IST" time="39.340" errors="0">
  <testcase name="loginPageTitleTest" time="9.847" classname="com.ecommerce.qa.testcases.LoginPageTest"/>
  <system-out/>
  <testcase name="LogoImageTest" time="15.183" classname="com.ecommerce.qa.testcases.LoginPageTest"/>
  <system-out/>
  <testcase name="loginTest" time="14.310" classname="com.ecommerce.qa.testcases.LoginPageTest"/>
  <system-out/>
</testsuite> <!-- com.ecommerce.qa.testcases.LoginPageTest -->
